In file included from [01m[K/home/nikolavukas/project/src/assignment2_package/src/test_node.cpp:1[m[K:
[01m[K/home/nikolavukas/project/src/assignment2_package/src/gripper_control.h:[m[K In member function â€˜[01m[Kvoid gripper_control::GripperController::close(int)[m[Kâ€™:
[01m[K/home/nikolavukas/project/src/assignment2_package/src/gripper_control.h:49:24:[m[K [01;31m[Kerror: [m[Kâ€˜[01m[KgetWidthForTag[m[Kâ€™ was not declared in this scope
   49 |         double width = [01;31m[KgetWidthForTag[m[K(tag_id);
      |                        [01;31m[K^~~~~~~~~~~~~~[m[K
make[2]: *** [CMakeFiles/test_node.dir/build.make:63: CMakeFiles/test_node.dir/src/test_node.cpp.o] Error 1
make[1]: *** [CMakeFiles/Makefile2:928: CMakeFiles/test_node.dir/all] Error 2
make: *** [Makefile:141: all] Error 2
