[01m[K/home/nikolavukas/project/src/assignment2_package/src/node_A.cpp:[m[K In function â€˜[01m[Kint main(int, char**)[m[Kâ€™:
[01m[K/home/nikolavukas/project/src/assignment2_package/src/node_A.cpp:205:34:[m[K [01;31m[Kerror: [m[Kâ€˜[01m[KPickObject[m[Kâ€™ is not a member of â€˜[01m[Kassignment2_package[m[Kâ€™
  205 |             assignment2_package::[01;31m[KPickObject[m[K pickSrv;
      |                                  [01;31m[K^~~~~~~~~~[m[K
[01m[K/home/nikolavukas/project/src/assignment2_package/src/node_A.cpp:206:13:[m[K [01;31m[Kerror: [m[Kâ€˜[01m[KpickSrv[m[Kâ€™ was not declared in this scope
  206 |             [01;31m[KpickSrv[m[K.request.target = object_pose_base;
      |             [01;31m[K^~~~~~~[m[K
[01m[K/home/nikolavukas/project/src/assignment2_package/src/node_A.cpp:273:105:[m[K [01;35m[Kwarning: [m[Kâ€˜[01m[Kdouble moveit::planning_interface::MoveGroupInterface::computeCartesianPath(const std::vector<geometry_msgs::Pose_<std::allocator<void> > >&, double, double, moveit_msgs::RobotTrajectory&, bool, moveit_msgs::MoveItErrorCodes*)[m[Kâ€™ is deprecated: Drop jump_threshold [[01;35m[K-Wdeprecated-declarations[m[K]
  273 |         double frac = arm_move_group.computeCartesianPath(waypoints, eef_step, jump_threshold, cart_traj[01;35m[K)[m[K;
      |                                                                                                         [01;35m[K^[m[K
In file included from [01m[K/home/nikolavukas/project/src/assignment2_package/src/node_A.cpp:5[m[K:
[01m[K/opt/ros/noetic/include/moveit/move_group_interface/move_group_interface.h:783:3:[m[K [01;36m[Knote: [m[Kdeclared here
  783 |   [01;36m[KcomputeCartesianPath[m[K(const std::vector<geometry_msgs::Pose>& waypoints, double eef_step, double /*jump_threshold*/,
      |   [01;36m[K^~~~~~~~~~~~~~~~~~~~[m[K
[01m[K/home/nikolavukas/project/src/assignment2_package/src/node_A.cpp:[m[K In function â€˜[01m[Kint main(int, char**)[m[Kâ€™:
[01m[K/home/nikolavukas/project/src/assignment2_package/src/node_A.cpp:205:34:[m[K [01;31m[Kerror: [m[Kâ€˜[01m[KPickObject[m[Kâ€™ is not a member of â€˜[01m[Kassignment2_package[m[Kâ€™
  205 |             assignment2_package::[01;31m[KPickObject[m[K pickSrv;
      |                                  [01;31m[K^~~~~~~~~~[m[K
[01m[K/home/nikolavukas/project/src/assignment2_package/src/node_A.cpp:206:13:[m[K [01;31m[Kerror: [m[Kâ€˜[01m[KpickSrv[m[Kâ€™ was not declared in this scope
  206 |             [01;31m[KpickSrv[m[K.request.target = object_pose_base;
      |             [01;31m[K^~~~~~~[m[K
[01m[K/home/nikolavukas/project/src/assignment2_package/src/node_A.cpp:273:105:[m[K [01;35m[Kwarning: [m[Kâ€˜[01m[Kdouble moveit::planning_interface::MoveGroupInterface::computeCartesianPath(const std::vector<geometry_msgs::Pose_<std::allocator<void> > >&, double, double, moveit_msgs::RobotTrajectory&, bool, moveit_msgs::MoveItErrorCodes*)[m[Kâ€™ is deprecated: Drop jump_threshold [[01;35m[K-Wdeprecated-declarations[m[K]
  273 |         double frac = arm_move_group.computeCartesianPath(waypoints, eef_step, jump_threshold, cart_traj[01;35m[K)[m[K;
      |                                                                                                         [01;35m[K^[m[K
In file included from [01m[K/home/nikolavukas/project/src/assignment2_package/src/node_A.cpp:5[m[K:
[01m[K/opt/ros/noetic/include/moveit/move_group_interface/move_group_interface.h:783:3:[m[K [01;36m[Knote: [m[Kdeclared here
  783 |   [01;36m[KcomputeCartesianPath[m[K(const std::vector<geometry_msgs::Pose>& waypoints, double eef_step, double /*jump_threshold*/,
      |   [01;36m[K^~~~~~~~~~~~~~~~~~~~[m[K
[01m[K/home/nikolavukas/project/src/assignment2_package/src/node_A.cpp:[m[K In function â€˜[01m[Kint main(int, char**)[m[Kâ€™:
[01m[K/home/nikolavukas/project/src/assignment2_package/src/node_A.cpp:205:34:[m[K [01;31m[Kerror: [m[Kâ€˜[01m[KPickObject[m[Kâ€™ is not a member of â€˜[01m[Kassignment2_package[m[Kâ€™
  205 |             assignment2_package::[01;31m[KPickObject[m[K pickSrv;
      |                                  [01;31m[K^~~~~~~~~~[m[K
[01m[K/home/nikolavukas/project/src/assignment2_package/src/node_A.cpp:206:13:[m[K [01;31m[Kerror: [m[Kâ€˜[01m[KpickSrv[m[Kâ€™ was not declared in this scope
  206 |             [01;31m[KpickSrv[m[K.request.target = object_pose_base;
      |             [01;31m[K^~~~~~~[m[K
[01m[K/home/nikolavukas/project/src/assignment2_package/src/node_A.cpp:273:105:[m[K [01;35m[Kwarning: [m[Kâ€˜[01m[Kdouble moveit::planning_interface::MoveGroupInterface::computeCartesianPath(const std::vector<geometry_msgs::Pose_<std::allocator<void> > >&, double, double, moveit_msgs::RobotTrajectory&, bool, moveit_msgs::MoveItErrorCodes*)[m[Kâ€™ is deprecated: Drop jump_threshold [[01;35m[K-Wdeprecated-declarations[m[K]
  273 |         double frac = arm_move_group.computeCartesianPath(waypoints, eef_step, jump_threshold, cart_traj[01;35m[K)[m[K;
      |                                                                                                         [01;35m[K^[m[K
In file included from [01m[K/home/nikolavukas/project/src/assignment2_package/src/node_A.cpp:5[m[K:
[01m[K/opt/ros/noetic/include/moveit/move_group_interface/move_group_interface.h:783:3:[m[K [01;36m[Knote: [m[Kdeclared here
  783 |   [01;36m[KcomputeCartesianPath[m[K(const std::vector<geometry_msgs::Pose>& waypoints, double eef_step, double /*jump_threshold*/,
      |   [01;36m[K^~~~~~~~~~~~~~~~~~~~[m[K
make[2]: *** [CMakeFiles/node_B.dir/build.make:63: CMakeFiles/node_B.dir/src/node_A.cpp.o] Error 1
make[1]: *** [CMakeFiles/Makefile2:1148: CMakeFiles/node_B.dir/all] Error 2
make[1]: *** Waiting for unfinished jobs....
make[2]: *** [CMakeFiles/node_A.dir/build.make:63: CMakeFiles/node_A.dir/src/node_A.cpp.o] Error 1
make[1]: *** [CMakeFiles/Makefile2:519: CMakeFiles/node_A.dir/all] Error 2
make[2]: *** [CMakeFiles/node_C.dir/build.make:63: CMakeFiles/node_C.dir/src/node_A.cpp.o] Error 1
make[1]: *** [CMakeFiles/Makefile2:380: CMakeFiles/node_C.dir/all] Error 2
make: *** [Makefile:141: all] Error 2
