[01m[K/home/nikolavukas/project/src/tiago_search_detect/src/waypoints_navigation_node.cpp:[m[K In member function â€˜[01m[Kbool WaypointsNavigator::loadWaypoints(const string&)[m[Kâ€™:
[01m[K/home/nikolavukas/project/src/tiago_search_detect/src/waypoints_navigation_node.cpp:59:40:[m[K [01;31m[Kerror: [m[Kcannot bind non-const lvalue reference of type â€˜[01m[KYAML::detail::iterator_value&[m[Kâ€™ to an rvalue of type â€˜[01m[KYAML::detail::iterator_base<YAML::detail::iterator_value>::value_type[m[Kâ€™ {aka â€˜[01m[KYAML::detail::iterator_value[m[Kâ€™}
   59 |       for (auto& w : config["waypoints"[01;31m[K][m[K) {
      |                                        [01;31m[K^[m[K
[01m[K/home/nikolavukas/project/src/tiago_search_detect/src/waypoints_navigation_node.cpp:[m[K In member function â€˜[01m[Kvoid WaypointsNavigator::visitWaypoints()[m[Kâ€™:
[01m[K/home/nikolavukas/project/src/tiago_search_detect/src/waypoints_navigation_node.cpp:93:7:[m[K [01;31m[Kerror: [m[Kâ€˜[01m[Ktf2[m[Kâ€™ has not been declared
   93 |       [01;31m[Ktf2[m[K::Quaternion q;
      |       [01;31m[K^~~[m[K
[01m[K/home/nikolavukas/project/src/tiago_search_detect/src/waypoints_navigation_node.cpp:94:7:[m[K [01;31m[Kerror: [m[Kâ€˜[01m[Kq[m[Kâ€™ was not declared in this scope
   94 |       [01;31m[Kq[m[K.setRPY(0.0, 0.0, yaw);
      |       [01;31m[K^[m[K
make[2]: *** [CMakeFiles/waypoints_navigation_node.dir/build.make:63: CMakeFiles/waypoints_navigation_node.dir/src/waypoints_navigation_node.cpp.o] Error 1
make[1]: *** [CMakeFiles/Makefile2:206: CMakeFiles/waypoints_navigation_node.dir/all] Error 2
make: *** [Makefile:141: all] Error 2
